<?xml version="1.0" encoding="UTF-8"?>
<!-- Generated by org.testng.reporters.JUnitReportReporter -->
<testsuite hostname="TarushDubale" failures="0" tests="2" name="test.RunOnlineShopClass" time="1.476" errors="0" timestamp="2023-12-29T08:40:55 IST" skipped="0">
  <testcase classname="test.RunOnlineShopClass" name="dashBoardPage" time="0.988"/>
  <system-out/>
  <testcase classname="test.RunOnlineShopClass" name="myAccountPage" time="0.488"/>
  <system-out/>
</testsuite> <!-- test.RunOnlineShopClass -->
